{
  "numTotalTestSuites": 2,
  "numPassedTestSuites": 0,
  "numFailedTestSuites": 2,
  "numPendingTestSuites": 0,
  "numTotalTests": 6,
  "numPassedTests": 5,
  "numFailedTests": 1,
  "numPendingTests": 0,
  "numTodoTests": 0,
  "snapshot": {
    "added": 0,
    "failure": false,
    "filesAdded": 0,
    "filesRemoved": 0,
    "filesRemovedList": [],
    "filesUnmatched": 0,
    "filesUpdated": 0,
    "matched": 0,
    "total": 0,
    "unchecked": 0,
    "uncheckedKeysByFile": [],
    "unmatched": 0,
    "updated": 0,
    "didUpdate": false
  },
  "startTime": 1737811214298,
  "success": false,
  "testResults": [
    {
      "assertionResults": [
        {
          "ancestorTitles": ["SignUpPage UI Elements"],
          "fullName": "SignUpPage UI Elements renders the signup form with title",
          "status": "passed",
          "title": "renders the signup form with title",
          "duration": 133.65929999999935,
          "failureMessages": [],
          "meta": {}
        },
        {
          "ancestorTitles": ["SignUpPage UI Elements"],
          "fullName": "SignUpPage UI Elements renders all form input fields",
          "status": "passed",
          "title": "renders all form input fields",
          "duration": 54.36290000000736,
          "failureMessages": [],
          "meta": {}
        },
        {
          "ancestorTitles": ["SignUpPage UI Elements"],
          "fullName": "SignUpPage UI Elements renders submit button",
          "status": "passed",
          "title": "renders submit button",
          "duration": 135.5578999999998,
          "failureMessages": [],
          "meta": {}
        },
        {
          "ancestorTitles": ["SignUpPage UI Elements"],
          "fullName": "SignUpPage UI Elements renders sign in link",
          "status": "passed",
          "title": "renders sign in link",
          "duration": 22.129200000010314,
          "failureMessages": [],
          "meta": {}
        },
        {
          "ancestorTitles": ["SignUpPage UI Elements"],
          "fullName": "SignUpPage UI Elements allows typing in input fields",
          "status": "failed",
          "title": "allows typing in input fields",
          "duration": 33.40120000000752,
          "failureMessages": [
            "TestingLibraryElementError: Unable to find a label with the text of: /pull name/i\n\nIgnored nodes: comments, script, style\n\u001b[36m<body>\u001b[39m\n  \u001b[36m<div>\u001b[39m\n    \u001b[36m<div\u001b[39m\n      \u001b[33mclass\u001b[39m=\u001b[32m\"min-h-screen grid lg:grid-cols-2\"\u001b[39m\n    \u001b[36m>\u001b[39m\n      \u001b[36m<div\u001b[39m\n        \u001b[33mclass\u001b[39m=\u001b[32m\"flex flex-col justify-center items-center p-6 sm:p-12\"\u001b[39m\n      \u001b[36m>\u001b[39m\n        \u001b[36m<div\u001b[39m\n          \u001b[33mclass\u001b[39m=\u001b[32m\"w-full max-w-md space-y-8\"\u001b[39m\n        \u001b[36m>\u001b[39m\n          \u001b[36m<div\u001b[39m\n            \u001b[33mclass\u001b[39m=\u001b[32m\"text-center mb-8\"\u001b[39m\n          \u001b[36m>\u001b[39m\n            \u001b[36m<div\u001b[39m\n              \u001b[33mclass\u001b[39m=\u001b[32m\"flex flex-col items-center gap-2 group\"\u001b[39m\n            \u001b[36m>\u001b[39m\n              \u001b[36m<div\u001b[39m\n                \u001b[33mclass\u001b[39m=\u001b[32m\"size-12 rounded-xl bg-primary/10 flex items-center justify-center \r\n              group-hover:bg-primary/20 transition-colors\"\u001b[39m\n              \u001b[36m>\u001b[39m\n                \u001b[36m<svg\u001b[39m\n                  \u001b[33mclass\u001b[39m=\u001b[32m\"lucide lucide-message-square size-6 text-primary\"\u001b[39m\n                  \u001b[33mfill\u001b[39m=\u001b[32m\"none\"\u001b[39m\n                  \u001b[33mheight\u001b[39m=\u001b[32m\"24\"\u001b[39m\n                  \u001b[33mstroke\u001b[39m=\u001b[32m\"currentColor\"\u001b[39m\n                  \u001b[33mstroke-linecap\u001b[39m=\u001b[32m\"round\"\u001b[39m\n                  \u001b[33mstroke-linejoin\u001b[39m=\u001b[32m\"round\"\u001b[39m\n                  \u001b[33mstroke-width\u001b[39m=\u001b[32m\"2\"\u001b[39m\n                  \u001b[33mviewBox\u001b[39m=\u001b[32m\"0 0 24 24\"\u001b[39m\n                  \u001b[33mwidth\u001b[39m=\u001b[32m\"24\"\u001b[39m\n                  \u001b[33mxmlns\u001b[39m=\u001b[32m\"http://www.w3.org/2000/svg\"\u001b[39m\n                \u001b[36m>\u001b[39m\n                  \u001b[36m<path\u001b[39m\n                    \u001b[33md\u001b[39m=\u001b[32m\"M21 15a2 2 0 0 1-2 2H7l-4 4V5a2 2 0 0 1 2-2h14a2 2 0 0 1 2 2z\"\u001b[39m\n                  \u001b[36m/>\u001b[39m\n                \u001b[36m</svg>\u001b[39m\n              \u001b[36m</div>\u001b[39m\n              \u001b[36m<h1\u001b[39m\n                \u001b[33mclass\u001b[39m=\u001b[32m\"text-2xl font-bold mt-2\"\u001b[39m\n              \u001b[36m>\u001b[39m\n                \u001b[0mCreate Account Below\u001b[0m\n              \u001b[36m</h1>\u001b[39m\n              \u001b[36m<p\u001b[39m\n                \u001b[33mclass\u001b[39m=\u001b[32m\"text-base-content/60\"\u001b[39m\n              \u001b[36m>\u001b[39m\n                \u001b[0mGet started with your free account\u001b[0m\n              \u001b[36m</p>\u001b[39m\n            \u001b[36m</div>\u001b[39m\n          \u001b[36m</div>\u001b[39m\n          \u001b[36m<form\u001b[39m\n            \u001b[33mclass\u001b[39m=\u001b[32m\"space-y-6\"\u001b[39m\n          \u001b[36m>\u001b[39m\n            \u001b[36m<div\u001b[39m\n              \u001b[33mclass\u001b[39m=\u001b[32m\"form-control\"\u001b[39m\n            \u001b[36m>\u001b[39m\n              \u001b[36m<label\u001b[39m\n                \u001b[33mclass\u001b[39m=\u001b[32m\"label\"\u001b[39m\n                \u001b[33mfor\u001b[39m=\u001b[32m\"fullName\"\u001b[39m\n              \u001b[36m>\u001b[39m\n                \u001b[36m<span\u001b[39m\n                  \u001b[33mclass\u001b[39m=\u001b[32m\"label-text font-medium\"\u001b[39m\n                \u001b[36m>\u001b[39m\n                  \u001b[0mFull Name\u001b[0m\n                \u001b[36m</span>\u001b[39m\n              \u001b[36m</label>\u001b[39m\n              \u001b[36m<div\u001b[39m\n                \u001b[33mclass\u001b[39m=\u001b[32m\"relative\"\u001b[39m\n              \u001b[36m>\u001b[39m\n                \u001b[36m<div\u001b[39m\n                  \u001b[33mclass\u001b[39m=\u001b[32m\"absolute inset-y-0 left-0 pl-3 flex items-center pointer-events-none\"\u001b[39m\n                \u001b[36m>\u001b[39m\n                  \u001b[36m<svg\u001b[39m\n                    \u001b[33mclass\u001b[39m=\u001b[32m\"lucide lucide-user size-5 text-base-content/40\"\u001b[39m\n                    \u001b[33mfill\u001b[39m=\u001b[32m\"none\"\u001b[39m\n                    \u001b[33mheight\u001b[39m=\u001b[32m\"24\"\u001b[39m\n                    \u001b[33mstroke\u001b[39m=\u001b[32m\"currentColor\"\u001b[39m\n                    \u001b[33mstroke-linecap\u001b[39m=\u001b[32m\"round\"\u001b[39m\n                    \u001b[33mstroke-linejoin\u001b[39m=\u001b[32m\"round\"\u001b[39m\n                    \u001b[33mstroke-width\u001b[39m=\u001b[32m\"2\"\u001b[39m\n                    \u001b[33mviewBox\u001b[39m=\u001b[32m\"0 0 24 24\"\u001b[39m\n                    \u001b[33mwidth\u001b[39m=\u001b[32m\"24\"\u001b[39m\n                    \u001b[33mxmlns\u001b[39m=\u001b[32m\"http://www.w3.org/2000/svg\"\u001b[39m\n                  \u001b[36m>\u001b[39m\n                    \u001b[36m<path\u001b[39m\n                      \u001b[33md\u001b[39m=\u001b[32m\"M19 21v-2a4 4 0 0 0-4-4H9a4 4 0 0 0-4 4v2\"\u001b[39m\n                    \u001b[36m/>\u001b[39m\n                    \u001b[36m<circle\u001b[39m\n                      \u001b[33mcx\u001b[39m=\u001b[32m\"12\"\u001b[39m\n                      \u001b[33mcy\u001b[39m=\u001b[32m\"7\"\u001b[39m\n                      \u001b[33mr\u001b[39m=\u001b[32m\"4\"\u001b[39m\n                    \u001b[36m/>\u001b[39m\n                  \u001b[36m</svg>\u001b[39m\n                \u001b[36m</div>\u001b[39m\n                \u001b[36m<input\u001b[39m\n                  \u001b[33mclass\u001b[39m=\u001b[32m\"input input-bordered w-full pl-10\"\u001b[39m\n                  \u001b[33mid\u001b[39m=\u001b[32m\"fullName\"\u001b[39m\n                  \u001b[33mplaceholder\u001b[39m=\u001b[32m\"John Doe\"\u001b[39m\n                  \u001b[33mtype\u001b[39m=\u001b[32m\"text\"\u001b[39m\n                  \u001b[33mvalue\u001b[39m=\u001b[32m\"\"\u001b[39m\n                \u001b[36m/>\u001b[39m\n              \u001b[36m</div>\u001b[39m\n            \u001b[36m</div>\u001b[39m\n            \u001b[36m<div\u001b[39m\n              \u001b[33mclass\u001b[39m=\u001b[32m\"form-control\"\u001b[39m\n            \u001b[36m>\u001b[39m\n              \u001b[36m<label\u001b[39m\n                \u001b[33mclass\u001b[39m=\u001b[32m\"label\"\u001b[39m\n                \u001b[33mfor\u001b[39m=\u001b[32m\"email\"\u001b[39m\n              \u001b[36m>\u001b[39m\n                \u001b[36m<span\u001b[39m\n                  \u001b[33mclass\u001b[39m=\u001b[32m\"label-text font-medium\"\u001b[39m\n                \u001b[36m>\u001b[39m\n                  \u001b[0mEmail\u001b[0m\n                \u001b[36m</span>\u001b[39m\n              \u001b[36m</label>\u001b[39m\n              \u001b[36m<div\u001b[39m\n                \u001b[33mclass\u001b[39m=\u001b[32m\"relative\"\u001b[39m\n              \u001b[36m>\u001b[39m\n                \u001b[36m<div\u001b[39m\n                  \u001b[33mclass\u001b[39m=\u001b[32m\"absolute inset-y-0 left-0 pl-3 flex items-center pointer-events-none\"\u001b[39m\n                \u001b[36m>\u001b[39m\n                  \u001b[36m<svg\u001b[39m\n                    \u001b[33mclass\u001b[39m=\u001b[32m\"lucide lucide-mail size-5 text-base-content/40\"\u001b[39m\n                    \u001b[33mfill\u001b[39m=\u001b[32m\"none\"\u001b[39m\n                    \u001b[33mheight\u001b[39m=\u001b[32m\"24\"\u001b[39m\n                    \u001b[33mstroke\u001b[39m=\u001b[32m\"currentColor\"\u001b[39m\n                    \u001b[33mstroke-linecap\u001b[39m=\u001b[32m\"round\"\u001b[39m\n                    \u001b[33mstroke-linejoin\u001b[39m=\u001b[32m\"round\"\u001b[39m\n                    \u001b[33mstroke-width\u001b[39m=\u001b[32m\"2\"\u001b[39m\n                    \u001b[33mviewBox\u001b[39m=\u001b[32m\"0 0 24 24\"\u001b[39m\n                    \u001b[33mwidth\u001b[39m=\u001b[32m\"24\"\u001b[39m\n                    \u001b[33mxmlns\u001b[39m=\u001b[32m\"http://www.w3.org/2000/svg\"\u001b[39m\n                  \u001b[36m>\u001b[39m\n                    \u001b[36m<rect\u001b[39m\n                      \u001b[33mheight\u001b[39m=\u001b[32m\"16\"\u001b[39m\n                      \u001b[33mrx\u001b[39m=\u001b[32m\"2\"\u001b[39m\n                      \u001b[33mwidth\u001b[39m=\u001b[32m\"20\"\u001b[39m\n                      \u001b[33mx\u001b[39m=\u001b[32m\"2\"\u001b[39m\n                      \u001b[33my\u001b[39m=\u001b[32m\"4\"\u001b[39m\n                    \u001b[36m/>\u001b[39m\n                    \u001b[36m<path\u001b[39m\n                      \u001b[33md\u001b[39m=\u001b[32m\"m22 7-8.97 5.7a1.94 1.94 0 0 1-2.06 0L2 7\"\u001b[39m\n                    \u001b[36m/>\u001b[39m\n                  \u001b[36m</svg>\u001b[39m\n                \u001b[36m</div>\u001b[39m\n                \u001b[36m<input\u001b[39m\n                  \u001b[33mclass\u001b[39m=\u001b[32m\"input input-bordered w-full pl-10\"\u001b[39m\n                  \u001b[33mid\u001b[39m=\u001b[32m\"email\"\u001b[39m\n                  \u001b[33mplaceholder\u001b[39m=\u001b[32m\"you@example.com\"\u001b[39m\n                  \u001b[33mtype\u001b[39m=\u001b[32m\"email\"\u001b[39m\n                  \u001b[33mvalue\u001b[39m=\u001b[32m\"\"\u001b[39m\n                \u001b[36m/>\u001b[39m\n              \u001b[36m</div>\u001b[39m\n            \u001b[36m</div>\u001b[39m\n            \u001b[36m<div\u001b[39m\n              \u001b[33mclass\u001b[39m=\u001b[32m\"form-control\"\u001b[39m\n            \u001b[36m>\u001b[39m\n              \u001b[36m<label\u001b[39m\n                \u001b[33mclass\u001b[39m=\u001b[32m\"label\"\u001b[39m\n                \u001b[33mfor\u001b[39m=\u001b[32m\"password\"\u001b[39m\n              \u001b[36m>\u001b[39m\n                \u001b[36m<span\u001b[39m\n                  \u001b[33mclass\u001b[39m=\u001b[32m\"label-text font-medium\"\u001b[39m\n                \u001b[36m>\u001b[39m\n                  \u001b[0mPassword\u001b[0m\n                \u001b[36m</span>\u001b[39m\n              \u001b[36m</label>\u001b[39m\n              \u001b[36m<div\u001b[39m\n                \u001b[33mclass\u001b[39m=\u001b[32m\"relative\"\u001b[39m\n              \u001b[36m>\u001b[39m\n                \u001b[36m<div\u001b[39m\n                  \u001b[33mclass\u001b[39m=\u001b[32m\"absolute inset-y-0 left-0 pl-3 flex items-center pointer-events-none\"\u001b[39m\n                \u001b[36m>\u001b[39m\n                  \u001b[36m<svg\u001b[39m\n                    \u001b[33mclass\u001b[39m=\u001b[32m\"lucide lucide-lock size-5 text-base-content/40\"\u001b[39m\n                    \u001b[33mfill\u001b[39m=\u001b[32m\"none\"\u001b[39m\n                    \u001b[33mheight\u001b[39m=\u001b[32m\"24\"\u001b[39m\n                    \u001b[33mstroke\u001b[39m=\u001b[32m\"currentColor\"\u001b[39m\n                    \u001b[33mstroke-linecap\u001b[39m=\u001b[32m\"round\"\u001b[39m\n                    \u001b[33mstroke-linejoin\u001b[39m=\u001b[32m\"round\"\u001b[39m\n                    \u001b[33mstroke-width\u001b[39m=\u001b[32m\"2\"\u001b[39m\n                    \u001b[33mviewBox\u001b[39m=\u001b[32m\"0 0 24 24\"\u001b[39m\n                    \u001b[33mwidth\u001b[39m=\u001b[32m\"24\"\u001b[39m\n                    \u001b[33mxmlns\u001b[39m=\u001b[32m\"http://www.w3.org/2000/svg\"\u001b[39m\n                  \u001b[36m>\u001b[39m\n                    \u001b[36m<rect\u001b[39m\n                      \u001b[33mheight\u001b[39m=\u001b[32m\"11\"\u001b[39m\n                      \u001b[33mrx\u001b[39m=\u001b[32m\"2\"\u001b[39m\n                      \u001b[33mry\u001b[39m=\u001b[32m\"2\"\u001b[39m\n                      \u001b[33mwidth\u001b[39m=\u001b[32m\"18\"\u001b[39m\n                      \u001b[33mx\u001b[39m=\u001b[32m\"3\"\u001b[39m\n                      \u001b[33my\u001b[39m=\u001b[32m\"11\"\u001b[39m\n                    \u001b[36m/>\u001b[39m\n                    \u001b[36m<path\u001b[39m\n                      \u001b[33md\u001b[39m=\u001b[32m\"M7 11V7a5 5 0 0 1 10 0v4\"\u001b[39m\n                    \u001b[36m/>\u001b[39m\n                  \u001b[36m</svg>\u001b[39m\n                \u001b[36m</div>\u001b[39m\n                \u001b[36m<input\u001b[39m\n                  \u001b[33mclass\u001b[39m=\u001b[32m\"input input-bordered w-full pl-10\"\u001b[39m\n                  \u001b[33mid\u001b[39m=\u001b[32m\"password\"\u001b[39m\n                  \u001b[33mplaceholder\u001b[39m=\u001b[32m\"••••••••\"\u001b[39m\n                  \u001b[33mtype\u001b[39m=\u001b[32m\"password\"\u001b[39m\n                  \u001b[33mvalue\u001b[39m=\u001b[32m\"\"\u001b[39m\n                \u001b[36m/>\u001b[39m\n                \u001b[36m<button\u001b[39m\n                  \u001b[33maria-label\u001b[39m=\u001b[32m\"Toggle\"\u001b[39m\n                  \u001b[33mclass\u001b[39m=\u001b[32m\"absolute inset-y-0 right-0 pr-3 flex items-center\"\u001b[39m\n                  \u001b[33mtype\u001b[39m=\u001b[32m\"button\"\u001b[39m\n                \u001b[36m>\u001b[39m\n                  \u001b[36m<svg\u001b[39m\n                    \u001b[33mclass\u001b[39m=\u001b[32m\"lucide lucide-eye size-5 text-base-content/40\"\u001b[39m\n                    \u001b[33mfill\u001b[39m=\u001b[32m\"none\"\u001b[39m\n                    \u001b[33mheight\u001b[39m=\u001b[32m\"24\"\u001b[39m\n                    \u001b[33mstroke\u001b[39m=\u001b[32m\"currentColor\"\u001b[39m\n                    \u001b[33mstroke-linecap\u001b[39m=\u001b[32m\"round\"\u001b[39m\n                    \u001b[33mstroke-linejoin\u001b[39m=\u001b[32m\"round\"\u001b[39m\n                    \u001b[33mstroke-width\u001b[39m=\u001b[32m\"2\"\u001b[39m\n                    \u001b[33mviewBox\u001b[39m=\u001b[32m\"0 0 24 24\"\u001b[39m\n                    \u001b[33mwidth\u001b[39m=\u001b[32m\"24\"\u001b[39m\n                    \u001b[33mxmlns\u001b[39m=\u001b[32m\"http://www.w3.org/2000/svg\"\u001b[39m\n                  \u001b[36m>\u001b[39m\n                    \u001b[36m<path\u001b[39m\n                      \u001b[33md\u001b[39m=\u001b[32m\"M2.062 12.348a1 1 0 0 1 0-.696 10.75 10.75 0 0 1 19.876 0 1 1 0 0 1 0 .696 10.75 10.75 0 0 1-19.876 0\"\u001b[39m\n                    \u001b[36m/>\u001b[39m\n                    \u001b[36m<circle\u001b[39m\n                      \u001b[33mcx\u001b[39m=\u001b[32m\"12\"\u001b[39m\n                      \u001b[33mcy\u001b[39m=\u001b[32m\"12\"\u001b[39m\n                      \u001b[33mr\u001b[39m=\u001b[32m\"3\"\u001b[39m\n                    \u001b[36m/>\u001b[39m\n                  \u001b[36m</svg>\u001b[39m\n                \u001b[36m</button>\u001b[39m\n              \u001b[36m</div>\u001b[39m\n            \u001b[36m</div>\u001b[39m\n            \u001b[36m<button\u001b[39m\n              \u001b[33mclass\u001b[39m=\u001b[32m\"btn btn-primary w-full\"\u001b[39m\n              \u001b[33mtype\u001b[39m=\u001b[32m\"submit\"\u001b[39m\n            \u001b[36m>\u001b[39m\n              \u001b[0mCreate Account\u001b[0m\n            \u001b[36m</button>\u001b[39m\n          \u001b[36m</form>\u001b[39m\n          \u001b[36m<div\u001b[39m\n            \u001b[33mclass\u001b[39m=\u001b[32m\"text-center\"\u001b[39m\n          \u001b[36m>\u001b[39m\n            \u001b[36m<p\u001b[39m\n              \u001b[33mclass\u001b[39m=\u001b[32m\"text-base-content/60\"\u001b[39m\n            \u001b[36m>\u001b[39m\n              \u001b[0mAlready have an account?\u001b[0m\n              \u001b[0m \u001b[0m\n              \u001b[36m<a\u001b[39m\n                \u001b[33mclass\u001b[39m=\u001b[32m\"link link-primary\"\u001b[39m\n                \u001b[33mhref\u001b[39m=\u001b[32m\"/login\"\u001b[39m\n              \u001b[36m>\u001b[39m\n                \u001b[0mSign in\u001b[0m\n              \u001b[36m</a>\u001b[39m\n            \u001b[36m</p>\u001b[39m\n          \u001b[36m</div>\u001b[39m\n        \u001b[36m</div>\u001b[39m\n      \u001b[36m</div>\u001b[39m\n      \u001b[36m<div\u001b[39m\n        \u001b[33mclass\u001b[39m=\u001b[32m\"hidden lg:flex items-center justify-center bg-base-200 p-12\"\u001b[39m\n      \u001b[36m>\u001b[39m\n        \u001b[36m<div\u001b[39m\n          \u001b[33mclass\u001b[39m=\u001b[32m\"max-w-md text-center\"\u001b[39m\n        \u001b[36m>\u001b[39m\n          \u001b[36m<div\u001b[39m\n            \u001b[33mclass\u001b[39m=\u001b[32m\"grid grid-cols-3 gap-3 mb-8\"\u001b[39m\n          \u001b[36m>\u001b[39m\n            \u001b[36m<div\u001b[39m\n              \u001b[33mclass\u001b[39m=\u001b[32m\"aspect-square rounded-2xl bg-primary/10 animate-pulse\"\u001b[39m\n            \u001b[36m/>\u001b[39m\n            \u001b[36m<div\u001b[39m\n              \u001b[33mclass\u001b[39m=\u001b[32m\"aspect-square rounded-2xl bg-primary/10 \"\u001b[39m\n            \u001b[36m/>\u001b[39m\n            \u001b[36m<div\u001b[39m\n              \u001b[33mclass\u001b[39m=\u001b[32m\"aspect-square rounded-2xl bg-primary/10 animate-pulse\"\u001b[39m\n            \u001b[36m/>\u001b[39m\n            \u001b[36m<div\u001b[39m\n              \u001b[33mclass\u001b[39m=\u001b[32m\"aspect-square rounded-2xl bg-primary/10 \"\u001b[39m\n            \u001b[36m/>\u001b[39m\n            \u001b[36m<div\u001b[39m\n              \u001b[33mclass\u001b[39m=\u001b[32m\"aspect-square rounded-2xl bg-primary/10 animate-pulse\"\u001b[39m\n            \u001b[36m/>\u001b[39m\n            \u001b[36m<div\u001b[39m\n              \u001b[33mclass\u001b[39m=\u001b[32m\"aspect-square rounded-2xl bg-primary/10 \"\u001b[39m\n            \u001b[36m/>\u001b[39m\n            \u001b[36m<div\u001b[39m\n              \u001b[33mclass\u001b[39m=\u001b[32m\"aspect-square rounded-2xl bg-primary/10 animate-pulse\"\u001b[39m\n            \u001b[36m/>\u001b[39m\n            \u001b[36m<div\u001b[39m\n              \u001b[33mclass\u001b[39m=\u001b[32m\"aspect-square rounded-2xl bg-primary/10 \"\u001b[39m\n            \u001b[36m/>\u001b[39m\n            \u001b[36m<div\u001b[39m\n              \u001b[33mclass\u001b[39m=\u001b[32m\"aspect-square rounded-2xl bg-primary/10 animate-pulse\"\u001b[39m\n            \u001b[36m/>\u001b[39m\n          \u001b[36m</div>\u001b[39m\n          \u001b[36m<h2\u001b[39m\n            \u001b[33mclass\u001b[39m=\u001b[32m\"text-2xl font-bold mb-4\"\u001b[39m\n          \u001b[36m>\u001b[39m\n            \u001b[0mJoin our community\u001b[0m\n          \u001b[36m</h2>\u001b[39m\n          \u001b[36m<p\u001b[39m\n            \u001b[33mclass\u001b[39m=\u001b[32m\"text-base-content/60\"\u001b[39m\n          \u001b[36m>\u001b[39m\n            \u001b[0mConnect with friends, share moments, and stay in touch with your loved ones.\u001b[0m\n          \u001b[36m</p>\u001b[39m\n        \u001b[36m</div>\u001b[39m\n      \u001b[36m</div>\u001b[39m\n    \u001b[36m</div>\u001b[39m\n  \u001b[36m</div>\u001b[39m\n\u001b[36m</body>\u001b[39m\n    at Object.getElementError (D:\\abhijith\\MERN\\chat\\fullstack-chat-app\\frontend\\node_modules\\@testing-library\\dom\\dist\\config.js:37:19)\n    at getAllByLabelText (D:\\abhijith\\MERN\\chat\\fullstack-chat-app\\frontend\\node_modules\\@testing-library\\dom\\dist\\queries\\label-text.js:111:38)\n    at D:\\abhijith\\MERN\\chat\\fullstack-chat-app\\frontend\\node_modules\\@testing-library\\dom\\dist\\query-helpers.js:52:17\n    at D:\\abhijith\\MERN\\chat\\fullstack-chat-app\\frontend\\node_modules\\@testing-library\\dom\\dist\\query-helpers.js:95:19\n    at D:\\abhijith\\MERN\\chat\\fullstack-chat-app\\frontend\\src\\tests\\UI\\SignUpUI.test.jsx:45:30\n    at file:///D:/abhijith/MERN/chat/fullstack-chat-app/frontend/node_modules/@vitest/runner/dist/index.js:174:14\n    at file:///D:/abhijith/MERN/chat/fullstack-chat-app/frontend/node_modules/@vitest/runner/dist/index.js:561:28\n    at file:///D:/abhijith/MERN/chat/fullstack-chat-app/frontend/node_modules/@vitest/runner/dist/index.js:61:24\n    at new Promise (<anonymous>)\n    at runWithTimeout (file:///D:/abhijith/MERN/chat/fullstack-chat-app/frontend/node_modules/@vitest/runner/dist/index.js:41:12)"
          ],
          "meta": {}
        },
        {
          "ancestorTitles": ["SignUpPage UI Elements"],
          "fullName": "SignUpPage UI Elements toggles password visibility when eye icon is clicked",
          "status": "passed",
          "title": "toggles password visibility when eye icon is clicked",
          "duration": 53.237799999988056,
          "failureMessages": [],
          "meta": {}
        }
      ],
      "startTime": 1737811302724,
      "endTime": 1737811303157.2378,
      "status": "failed",
      "message": "",
      "name": "D:/abhijith/MERN/chat/fullstack-chat-app/frontend/src/tests/UI/SignUpUI.test.jsx"
    }
  ]
}
